This is pdfTeX, Version 3.141592653-2.6-1.40.24 (MiKTeX 22.3) (preloaded format=pdflatex 2022.3.23)  19 MAY 2024 17:38
entering extended mode
 restricted \write18 enabled.
 %&-line parsing enabled.
**./thesis.tex
(thesis.tex
LaTeX2e <2021-11-15> patch level 1
L3 programming layer <2022-02-24>
(C:\Users\csedome\AppData\Local\Programs\MiKTeX\tex/latex/base\report.cls
Document Class: report 2021/10/04 v1.4n Standard LaTeX document class
(C:\Users\csedome\AppData\Local\Programs\MiKTeX\tex/latex/base\size11.clo
File: size11.clo 2021/10/04 v1.4n Standard LaTeX file (size option)
)
\c@part=\count185
\c@chapter=\count186
\c@section=\count187
\c@subsection=\count188
\c@subsubsection=\count189
\c@paragraph=\count190
\c@subparagraph=\count191
\c@figure=\count192
\c@table=\count193
\abovecaptionskip=\skip47
\belowcaptionskip=\skip48
\bibindent=\dimen138
)
(include/packages.tex
(C:\Users\csedome\AppData\Local\Programs\MiKTeX\tex/generic/iftex\ifxetex.sty
Package: ifxetex 2019/10/25 v0.7 ifxetex legacy package. Use iftex instead.

(C:\Users\csedome\AppData\Local\Programs\MiKTeX\tex/generic/iftex\iftex.sty
Package: iftex 2022/02/03 v1.0f TeX engine tests
))
(C:\Users\csedome\AppData\Local\Programs\MiKTeX\tex/generic/iftex\ifluatex.sty
Package: ifluatex 2019/10/25 v1.5 ifluatex legacy package. Use iftex instead.
) (C:\Users\csedome\AppData\Local\Programs\MiKTeX\tex/latex/base\fontenc.sty
Package: fontenc 2021/04/29 v2.0v Standard LaTeX package
)
(C:\Users\csedome\AppData\Local\Programs\MiKTeX\tex/latex/base\inputenc.sty
Package: inputenc 2021/02/14 v1.3d Input encoding file
\inpenc@prehook=\toks16
\inpenc@posthook=\toks17
)
(C:\Users\csedome\AppData\Local\Programs\MiKTeX\tex/latex/lm\lmodern.sty
Package: lmodern 2009/10/30 v1.6 Latin Modern Fonts
LaTeX Font Info:    Overwriting symbol font `operators' in version `normal'
(Font)                  OT1/cmr/m/n --> OT1/lmr/m/n on input line 22.
LaTeX Font Info:    Overwriting symbol font `letters' in version `normal'
(Font)                  OML/cmm/m/it --> OML/lmm/m/it on input line 23.
LaTeX Font Info:    Overwriting symbol font `symbols' in version `normal'
(Font)                  OMS/cmsy/m/n --> OMS/lmsy/m/n on input line 24.
LaTeX Font Info:    Overwriting symbol font `largesymbols' in version `normal'
(Font)                  OMX/cmex/m/n --> OMX/lmex/m/n on input line 25.
LaTeX Font Info:    Overwriting symbol font `operators' in version `bold'
(Font)                  OT1/cmr/bx/n --> OT1/lmr/bx/n on input line 26.
LaTeX Font Info:    Overwriting symbol font `letters' in version `bold'
(Font)                  OML/cmm/b/it --> OML/lmm/b/it on input line 27.
LaTeX Font Info:    Overwriting symbol font `symbols' in version `bold'
(Font)                  OMS/cmsy/b/n --> OMS/lmsy/b/n on input line 28.
LaTeX Font Info:    Overwriting symbol font `largesymbols' in version `bold'
(Font)                  OMX/cmex/m/n --> OMX/lmex/m/n on input line 29.
LaTeX Font Info:    Overwriting math alphabet `\mathbf' in version `normal'
(Font)                  OT1/cmr/bx/n --> OT1/lmr/bx/n on input line 31.
LaTeX Font Info:    Overwriting math alphabet `\mathsf' in version `normal'
(Font)                  OT1/cmss/m/n --> OT1/lmss/m/n on input line 32.
LaTeX Font Info:    Overwriting math alphabet `\mathit' in version `normal'
(Font)                  OT1/cmr/m/it --> OT1/lmr/m/it on input line 33.
LaTeX Font Info:    Overwriting math alphabet `\mathtt' in version `normal'
(Font)                  OT1/cmtt/m/n --> OT1/lmtt/m/n on input line 34.
LaTeX Font Info:    Overwriting math alphabet `\mathbf' in version `bold'
(Font)                  OT1/cmr/bx/n --> OT1/lmr/bx/n on input line 35.
LaTeX Font Info:    Overwriting math alphabet `\mathsf' in version `bold'
(Font)                  OT1/cmss/bx/n --> OT1/lmss/bx/n on input line 36.
LaTeX Font Info:    Overwriting math alphabet `\mathit' in version `bold'
(Font)                  OT1/cmr/bx/it --> OT1/lmr/bx/it on input line 37.
LaTeX Font Info:    Overwriting math alphabet `\mathtt' in version `bold'
(Font)                  OT1/cmtt/m/n --> OT1/lmtt/m/n on input line 38.
)
LaTeX Font Info:    Trying to load font information for T1+lmtt on input line 1
5.

(C:\Users\csedome\AppData\Local\Programs\MiKTeX\tex/latex/lm\t1lmtt.fd
File: t1lmtt.fd 2009/10/30 v1.6 Font defs for Latin Modern
)
(C:\Users\csedome\AppData\Local\Programs\MiKTeX\tex/generic/babel\babel.sty
Package: babel 2022/02/26 3.73 The Babel package
\babel@savecnt=\count194
\U@D=\dimen139
\l@unhyphenated=\language79

(C:\Users\csedome\AppData\Local\Programs\MiKTeX\tex/generic/babel\txtbabel.def)
\bbl@readstream=\read2
\bbl@dirlevel=\count195
*************************************
* Local config file bblopts.cfg used
*
(C:\Users\csedome\AppData\Local\Programs\MiKTeX\tex/latex/arabi\bblopts.cfg
File: bblopts.cfg 2005/09/08 v0.1 add Arabic and Farsi to "declared" options of
 babel
)
(C:\Users\csedome\AppData\Local\Programs\MiKTeX\tex/latex/babel-english\english
.ldf
Language: english 2017/06/06 v3.3r English support from the babel system
Package babel Info: Hyphen rules for 'canadian' set to \l@english
(babel)             (\language0). Reported on input line 102.
Package babel Info: Hyphen rules for 'australian' set to \l@ukenglish
(babel)             (\language73). Reported on input line 105.
Package babel Info: Hyphen rules for 'newzealand' set to \l@ukenglish
(babel)             (\language73). Reported on input line 108.
) (magyar.ldf
Language: magyar 2019/01/14 v1.5c Magyar (Hungarian) support for babel
Package babel Info: Making ` an active character on input line 2819.
\c@footnote@add=\count196
\c@footnote@ch=\count197
))
(C:\Users\csedome\AppData\Local\Programs\MiKTeX\tex/latex/emptypage\emptypage.s
ty
Package: emptypage 2010/05/30 v1.2 Suppress page numbers and headings on empty 
pages
)
(C:\Users\csedome\AppData\Local\Programs\MiKTeX\tex/latex/amsfonts\amsfonts.sty
Package: amsfonts 2013/01/14 v3.01 Basic AMSFonts support
\@emptytoks=\toks18
\symAMSa=\mathgroup4
\symAMSb=\mathgroup5
LaTeX Font Info:    Redeclaring math symbol \hbar on input line 98.
LaTeX Font Info:    Overwriting math alphabet `\mathfrak' in version `bold'
(Font)                  U/euf/m/n --> U/euf/b/n on input line 106.
) (C:\Users\csedome\AppData\Local\Programs\MiKTeX\tex/latex/amsmath\amsmath.sty
Package: amsmath 2021/10/15 v2.17l AMS math features
\@mathmargin=\skip49
For additional information on amsmath, use the `?' option.
(C:\Users\csedome\AppData\Local\Programs\MiKTeX\tex/latex/amsmath\amstext.sty
Package: amstext 2021/08/26 v2.01 AMS text

(C:\Users\csedome\AppData\Local\Programs\MiKTeX\tex/latex/amsmath\amsgen.sty
File: amsgen.sty 1999/11/30 v2.0 generic functions
\@emptytoks=\toks19
\ex@=\dimen140
))
(C:\Users\csedome\AppData\Local\Programs\MiKTeX\tex/latex/amsmath\amsbsy.sty
Package: amsbsy 1999/11/29 v1.2d Bold Symbols
\pmbraise@=\dimen141
)
(C:\Users\csedome\AppData\Local\Programs\MiKTeX\tex/latex/amsmath\amsopn.sty
Package: amsopn 2021/08/26 v2.02 operator names
)
\inf@bad=\count198
LaTeX Info: Redefining \frac on input line 234.
\uproot@=\count199
\leftroot@=\count266
LaTeX Info: Redefining \overline on input line 399.
\classnum@=\count267
\DOTSCASE@=\count268
LaTeX Info: Redefining \ldots on input line 496.
LaTeX Info: Redefining \dots on input line 499.
LaTeX Info: Redefining \cdots on input line 620.
\Mathstrutbox@=\box50
\strutbox@=\box51
\big@size=\dimen142
LaTeX Font Info:    Redeclaring font encoding OML on input line 743.
LaTeX Font Info:    Redeclaring font encoding OMS on input line 744.
\macc@depth=\count269
\c@MaxMatrixCols=\count270
\dotsspace@=\muskip16
\c@parentequation=\count271
\dspbrk@lvl=\count272
\tag@help=\toks20
\row@=\count273
\column@=\count274
\maxfields@=\count275
\andhelp@=\toks21
\eqnshift@=\dimen143
\alignsep@=\dimen144
\tagshift@=\dimen145
\tagwidth@=\dimen146
\totwidth@=\dimen147
\lineht@=\dimen148
\@envbody=\toks22
\multlinegap=\skip50
\multlinetaggap=\skip51
\mathdisplay@stack=\toks23
LaTeX Info: Redefining \[ on input line 2938.
LaTeX Info: Redefining \] on input line 2939.
)
(C:\Users\csedome\AppData\Local\Programs\MiKTeX\tex/latex/amsfonts\amssymb.sty
Package: amssymb 2013/01/14 v3.01 AMS font symbols
)
(C:\Users\csedome\AppData\Local\Programs\MiKTeX\tex/latex/booktabs\booktabs.sty
Package: booktabs 2020/01/12 v1.61803398 Publication quality tables
\heavyrulewidth=\dimen149
\lightrulewidth=\dimen150
\cmidrulewidth=\dimen151
\belowrulesep=\dimen152
\belowbottomsep=\dimen153
\aboverulesep=\dimen154
\abovetopsep=\dimen155
\cmidrulesep=\dimen156
\cmidrulekern=\dimen157
\defaultaddspace=\dimen158
\@cmidla=\count276
\@cmidlb=\count277
\@aboverulesep=\dimen159
\@belowrulesep=\dimen160
\@thisruleclass=\count278
\@lastruleclass=\count279
\@thisrulewidth=\dimen161
)
(C:\Users\csedome\AppData\Local\Programs\MiKTeX\tex/latex/graphics\graphicx.sty
Package: graphicx 2021/09/16 v1.2d Enhanced LaTeX Graphics (DPC,SPQR)
(C:\Users\csedome\AppData\Local\Programs\MiKTeX\tex/latex/graphics\keyval.sty
Package: keyval 2014/10/28 v1.15 key=value parser (DPC)
\KV@toks@=\toks24
)
(C:\Users\csedome\AppData\Local\Programs\MiKTeX\tex/latex/graphics\graphics.sty
Package: graphics 2021/03/04 v1.4d Standard LaTeX Graphics (DPC,SPQR)
(C:\Users\csedome\AppData\Local\Programs\MiKTeX\tex/latex/graphics\trig.sty
Package: trig 2021/08/11 v1.11 sin cos tan (DPC)
)
(C:\Users\csedome\AppData\Local\Programs\MiKTeX\tex/latex/graphics-cfg\graphics
.cfg
File: graphics.cfg 2016/06/04 v1.11 sample graphics configuration
)
Package graphics Info: Driver file: pdftex.def on input line 107.

(C:\Users\csedome\AppData\Local\Programs\MiKTeX\tex/latex/graphics-def\pdftex.d
ef
File: pdftex.def 2020/10/05 v1.2a Graphics/color driver for pdftex
))
\Gin@req@height=\dimen162
\Gin@req@width=\dimen163
)
(C:\Users\csedome\AppData\Local\Programs\MiKTeX\tex/latex/geometry\geometry.sty
Package: geometry 2020/01/02 v5.9 Page Geometry
(C:\Users\csedome\AppData\Local\Programs\MiKTeX\tex/generic/iftex\ifvtex.sty
Package: ifvtex 2019/10/25 v1.7 ifvtex legacy package. Use iftex instead.
)
\Gm@cnth=\count280
\Gm@cntv=\count281
\c@Gm@tempcnt=\count282
\Gm@bindingoffset=\dimen164
\Gm@wd@mp=\dimen165
\Gm@odd@mp=\dimen166
\Gm@even@mp=\dimen167
\Gm@layoutwidth=\dimen168
\Gm@layoutheight=\dimen169
\Gm@layouthoffset=\dimen170
\Gm@layoutvoffset=\dimen171
\Gm@dimlist=\toks25

(C:\Users\csedome\AppData\Local\Programs\MiKTeX\tex/latex/geometry\geometry.cfg
))
(C:\Users\csedome\AppData\Local\Programs\MiKTeX\tex/latex/setspace\setspace.sty
Package: setspace 2022/12/04 v6.7b set line spacing
)
(C:\Users\csedome\AppData\Local\Programs\MiKTeX\tex/latex/hyperref\hyperref.sty
Package: hyperref 2022-02-21 v7.00n Hypertext links for LaTeX

(C:\Users\csedome\AppData\Local\Programs\MiKTeX\tex/generic/ltxcmds\ltxcmds.sty
Package: ltxcmds 2023-12-04 v1.26 LaTeX kernel commands for general use (HO)
)
(C:\Users\csedome\AppData\Local\Programs\MiKTeX\tex/generic/pdftexcmds\pdftexcm
ds.sty
Package: pdftexcmds 2020-06-27 v0.33 Utility functions of pdfTeX for LuaTeX (HO
)

(C:\Users\csedome\AppData\Local\Programs\MiKTeX\tex/generic/infwarerr\infwarerr
.sty
Package: infwarerr 2019/12/03 v1.5 Providing info/warning/error messages (HO)
)
Package pdftexcmds Info: \pdf@primitive is available.
Package pdftexcmds Info: \pdf@ifprimitive is available.
Package pdftexcmds Info: \pdfdraftmode found.
)
(C:\Users\csedome\AppData\Local\Programs\MiKTeX\tex/latex/kvsetkeys\kvsetkeys.s
ty
Package: kvsetkeys 2022-10-05 v1.19 Key value parser (HO)
)
(C:\Users\csedome\AppData\Local\Programs\MiKTeX\tex/generic/kvdefinekeys\kvdefi
nekeys.sty
Package: kvdefinekeys 2019-12-19 v1.6 Define keys (HO)
)
(C:\Users\csedome\AppData\Local\Programs\MiKTeX\tex/generic/pdfescape\pdfescape
.sty
Package: pdfescape 2019/12/09 v1.15 Implements pdfTeX's escape features (HO)
)
(C:\Users\csedome\AppData\Local\Programs\MiKTeX\tex/latex/hycolor\hycolor.sty
Package: hycolor 2020-01-27 v1.10 Color options for hyperref/bookmark (HO)
)
(C:\Users\csedome\AppData\Local\Programs\MiKTeX\tex/latex/letltxmacro\letltxmac
ro.sty
Package: letltxmacro 2019/12/03 v1.6 Let assignment for LaTeX macros (HO)
)
(C:\Users\csedome\AppData\Local\Programs\MiKTeX\tex/latex/auxhook\auxhook.sty
Package: auxhook 2019-12-17 v1.6 Hooks for auxiliary files (HO)
)
(C:\Users\csedome\AppData\Local\Programs\MiKTeX\tex/latex/kvoptions\kvoptions.s
ty
Package: kvoptions 2022-06-15 v3.15 Key value format for package options (HO)
)
\@linkdim=\dimen172
\Hy@linkcounter=\count283
\Hy@pagecounter=\count284

(C:\Users\csedome\AppData\Local\Programs\MiKTeX\tex/latex/hyperref\pd1enc.def
File: pd1enc.def 2022-02-21 v7.00n Hyperref: PDFDocEncoding definition (HO)
Now handling font encoding PD1 ...
... no UTF-8 mapping file for font encoding PD1
)
(C:\Users\csedome\AppData\Local\Programs\MiKTeX\tex/generic/intcalc\intcalc.sty
Package: intcalc 2019/12/15 v1.3 Expandable calculations with integers (HO)
)
(C:\Users\csedome\AppData\Local\Programs\MiKTeX\tex/generic/etexcmds\etexcmds.s
ty
Package: etexcmds 2019/12/15 v1.7 Avoid name clashes with e-TeX commands (HO)
)
\Hy@SavedSpaceFactor=\count285

(C:\Users\csedome\AppData\Local\Programs\MiKTeX\tex/latex/hyperref\puenc.def
File: puenc.def 2022-02-21 v7.00n Hyperref: PDF Unicode definition (HO)
Now handling font encoding PU ...
... no UTF-8 mapping file for font encoding PU
)
Package hyperref Info: Option `unicode' set `true' on input line 4018.
Package hyperref Info: Hyper figures OFF on input line 4137.
Package hyperref Info: Link nesting OFF on input line 4142.
Package hyperref Info: Hyper index ON on input line 4145.
Package hyperref Info: Plain pages OFF on input line 4152.
Package hyperref Info: Backreferencing OFF on input line 4157.
Package hyperref Info: Implicit mode ON; LaTeX internals redefined.
Package hyperref Info: Bookmarks ON on input line 4390.
\c@Hy@tempcnt=\count286

(C:\Users\csedome\AppData\Local\Programs\MiKTeX\tex/latex/url\url.sty
\Urlmuskip=\muskip17
Package: url 2013/09/16  ver 3.4  Verb mode for urls, etc.
)
LaTeX Info: Redefining \url on input line 4749.
\XeTeXLinkMargin=\dimen173

(C:\Users\csedome\AppData\Local\Programs\MiKTeX\tex/generic/bitset\bitset.sty
Package: bitset 2019/12/09 v1.3 Handle bit-vector datatype (HO)

(C:\Users\csedome\AppData\Local\Programs\MiKTeX\tex/generic/bigintcalc\bigintca
lc.sty
Package: bigintcalc 2019/12/15 v1.5 Expandable calculations on big integers (HO
)
))
\Fld@menulength=\count287
\Field@Width=\dimen174
\Fld@charsize=\dimen175
Package hyperref Info: Hyper figures OFF on input line 6027.
Package hyperref Info: Link nesting OFF on input line 6032.
Package hyperref Info: Hyper index ON on input line 6035.
Package hyperref Info: backreferencing OFF on input line 6042.
Package hyperref Info: Link coloring OFF on input line 6047.
Package hyperref Info: Link coloring with OCG OFF on input line 6052.
Package hyperref Info: PDF/A mode OFF on input line 6057.
LaTeX Info: Redefining \ref on input line 6097.
LaTeX Info: Redefining \pageref on input line 6101.

(C:\Users\csedome\AppData\Local\Programs\MiKTeX\tex/latex/base\atbegshi-ltx.sty
Package: atbegshi-ltx 2021/01/10 v1.0c Emulation of the original atbegshi
package with kernel methods
)
\Hy@abspage=\count288
\c@Item=\count289
\c@Hfootnote=\count290
)
Package hyperref Info: Driver (autodetected): hpdftex.

(C:\Users\csedome\AppData\Local\Programs\MiKTeX\tex/latex/hyperref\hpdftex.def
File: hpdftex.def 2022-02-21 v7.00n Hyperref driver for pdfTeX

(C:\Users\csedome\AppData\Local\Programs\MiKTeX\tex/latex/base\atveryend-ltx.st
y
Package: atveryend-ltx 2020/08/19 v1.0a Emulation of the original atveryend pac
kage
with kernel methods
)
\Fld@listcount=\count291
\c@bookmark@seq@number=\count292

(C:\Users\csedome\AppData\Local\Programs\MiKTeX\tex/latex/rerunfilecheck\rerunf
ilecheck.sty
Package: rerunfilecheck 2022-07-10 v1.10 Rerun checks for auxiliary files (HO)

(C:\Users\csedome\AppData\Local\Programs\MiKTeX\tex/generic/uniquecounter\uniqu
ecounter.sty
Package: uniquecounter 2019/12/15 v1.4 Provide unlimited unique counter (HO)
)
Package uniquecounter Info: New unique counter `rerunfilecheck' on input line 2
85.
)
\Hy@SectionHShift=\skip52
)
(C:\Users\csedome\AppData\Local\Programs\MiKTeX\tex/latex/xcolor\xcolor.sty
Package: xcolor 2021/10/31 v2.13 LaTeX color extensions (UK)

(C:\Users\csedome\AppData\Local\Programs\MiKTeX\tex/latex/graphics-cfg\color.cf
g
File: color.cfg 2016/01/02 v1.6 sample color configuration
)
Package xcolor Info: Driver file: pdftex.def on input line 227.
Package xcolor Info: Model `cmy' substituted by `cmy0' on input line 1352.
Package xcolor Info: Model `hsb' substituted by `rgb' on input line 1356.
Package xcolor Info: Model `RGB' extended on input line 1368.
Package xcolor Info: Model `HTML' substituted by `rgb' on input line 1370.
Package xcolor Info: Model `Hsb' substituted by `hsb' on input line 1371.
Package xcolor Info: Model `tHsb' substituted by `hsb' on input line 1372.
Package xcolor Info: Model `HSB' substituted by `hsb' on input line 1373.
Package xcolor Info: Model `Gray' substituted by `gray' on input line 1374.
Package xcolor Info: Model `wave' substituted by `hsb' on input line 1375.
)
(C:\Users\csedome\AppData\Local\Programs\MiKTeX\tex/latex/listings\listings.sty
\lst@mode=\count293
\lst@gtempboxa=\box52
\lst@token=\toks26
\lst@length=\count294
\lst@currlwidth=\dimen176
\lst@column=\count295
\lst@pos=\count296
\lst@lostspace=\dimen177
\lst@width=\dimen178
\lst@newlines=\count297
\lst@lineno=\count298
\lst@maxwidth=\dimen179
(C:\Users\csedome\AppData\Local\Programs\MiKTeX\tex/latex/listings\lstmisc.sty
File: lstmisc.sty 2020/03/24 1.8d (Carsten Heinz)
\c@lstnumber=\count299
\lst@skipnumbers=\count300
\lst@framebox=\box53
)
(C:\Users\csedome\AppData\Local\Programs\MiKTeX\tex/latex/listings\listings.cfg
File: listings.cfg 2020/03/24 1.8d listings configuration
))
Package: listings 2020/03/24 1.8d (Carsten Heinz)

(C:\Users\csedome\AppData\Local\Programs\MiKTeX\tex/latex/ntheorem\ntheorem.sty
Style `ntheorem', Version 1.33 <2011/08/15>
Package: ntheorem 2011/08/15 1.33
(C:\Users\csedome\AppData\Local\Programs\MiKTeX\tex/latex/base\ifthen.sty
Package: ifthen 2020/11/24 v1.1c Standard LaTeX ifthen package (DPC)
)
\theorem@style=\toks27
\theorem@@style=\toks28
\theorembodyfont=\toks29
\theoremnumbering=\toks30
\theorempreskipamount=\skip53
\theorempostskipamount=\skip54
\theoremframepreskipamount=\skip55
\theoremframepostskipamount=\skip56
\theoreminframepreskipamount=\skip57
\theoreminframepostskipamount=\skip58
\theorem@preskip=\toks31
\theorem@postskip=\toks32
\theorem@framepreskip=\toks33
\theorem@framepostskip=\toks34
\theorem@inframepreskip=\toks35
\theorem@inframepostskip=\toks36
\theoremindent=\dimen180
\theorem@indent=\dimen181
\theoremrightindent=\dimen182
\theorem@rightindent=\dimen183
\theoremheaderfont=\toks37
\theoremseparator=\toks38
\theoremprework=\toks39
\theorempostwork=\toks40
\theoremsymbol=\toks41
\qedsymbol=\toks42
\theoremkeyword=\toks43
\qedsymbol=\toks44
\thm@topsep=\skip59
\thm@topsepadd=\skip60
Package ntheorem Info: Option `thmmarks' loaded on input line 1175.
\c@endNonectr=\count301
\c@currNonectr=\count302
\mysavskip=\skip61
Package ntheorem Info: option `amsmath' handling for `thmmarks' loaded on input
 line 1175.
\thm@amstmpdepth=\dimen184
\tagwidth=\dimen185
)
(C:\Users\csedome\AppData\Local\Programs\MiKTeX\tex/latex/caption\caption.sty
Package: caption 2023/08/05 v3.6o Customizing captions (AR)

(C:\Users\csedome\AppData\Local\Programs\MiKTeX\tex/latex/caption\caption3.sty
Package: caption3 2023/07/31 v2.4d caption3 kernel (AR)
\caption@tempdima=\dimen186
\captionmargin=\dimen187
\caption@leftmargin=\dimen188
\caption@rightmargin=\dimen189
\caption@width=\dimen190
\caption@indent=\dimen191
\caption@parindent=\dimen192
\caption@hangindent=\dimen193
Package caption Info: Standard document class detected.
Package caption Info: hungarian babel package is loaded.
)
\c@caption@flags=\count303
\c@continuedfloat=\count304
Package caption Info: hungarian babel package is loaded.
Package caption Info: hyperref package is loaded.
Package caption Info: listings package is loaded.
) (C:\Users\csedome\AppData\Local\Programs\MiKTeX\tex/latex/natbib\natbib.sty
Package: natbib 2010/09/13 8.31b (PWD, AO)
\bibhang=\skip62
\bibsep=\skip63
LaTeX Info: Redefining \cite on input line 694.
\c@NAT@ctr=\count305
)) (C:\Users\csedome\AppData\Local\Programs\MiKTeX\tex/latex/tools\xspace.sty
Package: xspace 2014/10/28 v1.13 Space after command names (DPC,MH)
)
(include/tdk-variables.tex) (include/thesis-hu.tex) (include/preamble.tex
Package hyperref Info: Option `unicode' set `true' on input line 39.
Package hyperref Info: Option `pdfnewwindow' set `true' on input line 39.
Package hyperref Info: Option `colorlinks' set `true' on input line 39.
\c@currexamplectr=\count306
\c@endexamplectr=\count307
\c@example=\count308
\c@currdefinitionctr=\count309
\c@enddefinitionctr=\count310
\c@definition=\count311
\c@currtheoremctr=\count312
\c@endtheoremctr=\count313
\c@theorem=\count314
)
LaTeX Font Info:    Trying to load font information for T1+lmr on input line 34
.

(C:\Users\csedome\AppData\Local\Programs\MiKTeX\tex/latex/lm\t1lmr.fd
File: t1lmr.fd 2009/10/30 v1.6 Font defs for Latin Modern
)
(C:\Users\csedome\AppData\Local\Programs\MiKTeX\tex/latex/l3backend\l3backend-p
dftex.def
File: l3backend-pdftex.def 2022-02-07 L3 backend support: PDF output (pdfTeX)
\l__color_backend_stack_int=\count315
\l__pdf_internal_box=\box54
) (thesis.aux (include/titlepage.aux) (include/declaration.aux)
(content/00_abstract.aux) (content/01_introduction.aux)
(content/02_background-knowledge.aux) (content/03_related-studies.aux)
(content/04_analysis-method.aux) (content/05_analysis-tool.aux)
(content/06_case-study.aux) (content/07_summary.aux) (content/FF_appendices.aux
))
\openout1 = `thesis.aux'.

LaTeX Font Info:    Checking defaults for OML/cmm/m/it on input line 34.
LaTeX Font Info:    ... okay on input line 34.
LaTeX Font Info:    Checking defaults for OMS/cmsy/m/n on input line 34.
LaTeX Font Info:    ... okay on input line 34.
LaTeX Font Info:    Checking defaults for OT1/cmr/m/n on input line 34.
LaTeX Font Info:    ... okay on input line 34.
LaTeX Font Info:    Checking defaults for T1/cmr/m/n on input line 34.
LaTeX Font Info:    ... okay on input line 34.
LaTeX Font Info:    Checking defaults for TS1/cmr/m/n on input line 34.
LaTeX Font Info:    ... okay on input line 34.
LaTeX Font Info:    Checking defaults for OMX/cmex/m/n on input line 34.
LaTeX Font Info:    ... okay on input line 34.
LaTeX Font Info:    Checking defaults for U/cmr/m/n on input line 34.
LaTeX Font Info:    ... okay on input line 34.
LaTeX Font Info:    Checking defaults for PD1/pdf/m/n on input line 34.
LaTeX Font Info:    ... okay on input line 34.
LaTeX Font Info:    Checking defaults for PU/pdf/m/n on input line 34.
LaTeX Font Info:    ... okay on input line 34.

(C:\Users\csedome\AppData\Local\Programs\MiKTeX\tex/context/base/mkii\supp-pdf.
mkii
[Loading MPS to PDF converter (version 2006.09.02).]
\scratchcounter=\count316
\scratchdimen=\dimen194
\scratchbox=\box55
\nofMPsegments=\count317
\nofMParguments=\count318
\everyMPshowfont=\toks45
\MPscratchCnt=\count319
\MPscratchDim=\dimen195
\MPnumerator=\count320
\makeMPintoPDFobject=\count321
\everyMPtoPDFconversion=\toks46
)
(C:\Users\csedome\AppData\Local\Programs\MiKTeX\tex/latex/epstopdf-pkg\epstopdf
-base.sty
Package: epstopdf-base 2020-01-24 v2.11 Base part for package epstopdf
Package epstopdf-base Info: Redefining graphics rule for `.eps' on input line 4
85.

(C:\Users\csedome\AppData\Local\Programs\MiKTeX\tex/latex/00miktex\epstopdf-sys
.cfg
File: epstopdf-sys.cfg 2021/03/18 v2.0 Configuration of epstopdf for MiKTeX
))
*geometry* driver: auto-detecting
*geometry* detected driver: pdftex
*geometry* verbose mode - [ preamble ] result:
* driver: pdftex
* paper: a4paper
* layout: <same size as paper>
* layoutoffset:(h,v)=(0.0pt,0.0pt)
* modes: 
* h-part:(L,W,R)=(99.58464pt, 426.79135pt, 71.13188pt)
* v-part:(T,H,B)=(79.66771pt, 694.24725pt, 71.13188pt)
* \paperwidth=597.50787pt
* \paperheight=845.04684pt
* \textwidth=426.79135pt
* \textheight=694.24725pt
* \oddsidemargin=27.31465pt
* \evensidemargin=27.31465pt
* \topmargin=-29.60228pt
* \headheight=12.0pt
* \headsep=25.0pt
* \topskip=11.0pt
* \footskip=30.0pt
* \marginparwidth=50.0pt
* \marginparsep=10.0pt
* \columnsep=10.0pt
* \skip\footins=10.0pt plus 4.0pt minus 2.0pt
* \hoffset=0.0pt
* \voffset=0.0pt
* \mag=1000
* \@twocolumnfalse
* \@twosidefalse
* \@mparswitchfalse
* \@reversemarginfalse
* (1in=72.27pt=25.4mm, 1cm=28.453pt)

Package hyperref Info: Link coloring ON on input line 34.
(C:\Users\csedome\AppData\Local\Programs\MiKTeX\tex/latex/hyperref\nameref.sty
Package: nameref 2021-04-02 v2.47 Cross-referencing by name of section

(C:\Users\csedome\AppData\Local\Programs\MiKTeX\tex/latex/refcount\refcount.sty
Package: refcount 2019/12/15 v3.6 Data extraction from label references (HO)
)
(C:\Users\csedome\AppData\Local\Programs\MiKTeX\tex/generic/gettitlestring\gett
itlestring.sty
Package: gettitlestring 2019/12/15 v1.6 Cleanup title references (HO)
)
\c@section@level=\count322
)
LaTeX Info: Redefining \ref on input line 34.
LaTeX Info: Redefining \pageref on input line 34.
LaTeX Info: Redefining \nameref on input line 34.
 (thesis.out) (thesis.out)
\@outlinefile=\write3
\openout3 = `thesis.out'.

\c@lstlisting=\count323
Package caption Info: Begin \AtBeginDocument code.
Package caption Info: End \AtBeginDocument code.

(C:\Users\csedome\AppData\Local\Programs\MiKTeX\tex/latex/base\report.cls
LaTeX Info: Redefining \cal on input line 577.
LaTeX Info: Redefining \mit on input line 578.
)
\openout2 = `include/titlepage.aux'.


(include/titlepage.tex
Package hyperref Info: Option `pageanchor' set `false' on input line 1.
<figures/00_BME.pdf, id=230, 705.63625pt x 188.705pt>
File: figures/00_BME.pdf Graphic file (type pdf)
<use figures/00_BME.pdf>
Package pdftex.def Info: figures/00_BME.pdf  used on input line 7.
(pdftex.def)             Requested size: 170.71652pt x 45.65292pt.
LaTeX Font Info:    Trying to load font information for OT1+lmr on input line 2
0.

(C:\Users\csedome\AppData\Local\Programs\MiKTeX\tex/latex/lm\ot1lmr.fd
File: ot1lmr.fd 2009/10/30 v1.6 Font defs for Latin Modern
)
LaTeX Font Info:    Trying to load font information for OML+lmm on input line 2
0.

(C:\Users\csedome\AppData\Local\Programs\MiKTeX\tex/latex/lm\omllmm.fd
File: omllmm.fd 2009/10/30 v1.6 Font defs for Latin Modern
)
LaTeX Font Info:    Trying to load font information for OMS+lmsy on input line 
20.

(C:\Users\csedome\AppData\Local\Programs\MiKTeX\tex/latex/lm\omslmsy.fd
File: omslmsy.fd 2009/10/30 v1.6 Font defs for Latin Modern
)
LaTeX Font Info:    Trying to load font information for OMX+lmex on input line 
20.

(C:\Users\csedome\AppData\Local\Programs\MiKTeX\tex/latex/lm\omxlmex.fd
File: omxlmex.fd 2009/10/30 v1.6 Font defs for Latin Modern
)
LaTeX Font Info:    External font `lmex10' loaded for size
(Font)              <10.95> on input line 20.
LaTeX Font Info:    External font `lmex10' loaded for size
(Font)              <8> on input line 20.
LaTeX Font Info:    External font `lmex10' loaded for size
(Font)              <6> on input line 20.
LaTeX Font Info:    Trying to load font information for U+msa on input line 20.


(C:\Users\csedome\AppData\Local\Programs\MiKTeX\tex/latex/amsfonts\umsa.fd
File: umsa.fd 2013/01/14 v3.01 AMS symbols A
)
LaTeX Font Info:    Trying to load font information for U+msb on input line 20.


(C:\Users\csedome\AppData\Local\Programs\MiKTeX\tex/latex/amsfonts\umsb.fd
File: umsb.fd 2013/01/14 v3.01 AMS symbols B
)
[1



{C:/Users/csedome/AppData/Local/MiKTeX/fonts/map/pdftex/pdftex.map} <./figures/
00_BME.pdf>]
Package hyperref Info: Option `pageanchor' set `false' on input line 32.
) (thesis.toc [1



])
\tf@toc=\write4
\openout4 = `thesis.toc'.

 [2]
\openout2 = `include/declaration.aux'.

 (include/declaration.tex [1


])
\openout2 = `content/00_abstract.aux'.


(content/00_abstract.tex [1





] [2

]
\c@romanPage=\count324
)
\openout2 = `content/01_introduction.aux'.

 (content/01_introduction.tex
1. fejezet.

Underfull \hbox (badness 10000) in paragraph at lines 16--17

 []


Underfull \hbox (badness 10000) in paragraph at lines 32--33

 []

[1





]
Underfull \hbox (badness 10000) in paragraph at lines 46--47

 []

) [2]
\openout2 = `content/02_background-knowledge.aux'.

 (content/02_background-knowledge.tex
2. fejezet.
LaTeX Font Info:    Trying to load font information for TS1+lmr on input line 1
8.
(C:\Users\csedome\AppData\Local\Programs\MiKTeX\tex/latex/lm\ts1lmr.fd
File: ts1lmr.fd 2009/10/30 v1.6 Font defs for Latin Modern
)
[3




] [4] [5] [6]

LaTeX Warning: `h' float specifier changed to `ht'.

[7]
<figures/02_ASPICE.png, id=346, 597.432pt x 301.125pt>
File: figures/02_ASPICE.png Graphic file (type png)
<use figures/02_ASPICE.png>
Package pdftex.def Info: figures/02_ASPICE.png  used on input line 161.
(pdftex.def)             Requested size: 426.79134pt x 215.12354pt.

Underfull \hbox (badness 10000) in paragraph at lines 170--171

 []

[8 <./figures/02_ASPICE.png>]
Underfull \hbox (badness 10000) in paragraph at lines 177--178

 []


Underfull \hbox (badness 10000) in paragraph at lines 181--182

 []

[9]) [10]
\openout2 = `content/03_related-studies.aux'.

 (content/03_related-studies.tex
3. fejezet.

Underfull \hbox (badness 10000) in paragraph at lines 18--19

 []

[11




]
Underfull \hbox (badness 10000) in paragraph at lines 26--27

 []

<figures/03_MA.png, id=370, 573.14125pt x 415.5525pt>
File: figures/03_MA.png Graphic file (type png)
<use figures/03_MA.png>
Package pdftex.def Info: figures/03_MA.png  used on input line 30.
(pdftex.def)             Requested size: 355.65944pt x 257.8745pt.
[12 <./figures/03_MA.png>]
Underfull \hbox (badness 10000) in paragraph at lines 43--44

 []


Underfull \hbox (badness 10000) in paragraph at lines 47--48

 []

<figures/03_CHULP.png, id=386, 305.64188pt x 487.06969pt>
File: figures/03_CHULP.png Graphic file (type png)
<use figures/03_CHULP.png>
Package pdftex.def Info: figures/03_CHULP.png  used on input line 55.
(pdftex.def)             Requested size: 213.39566pt x 340.06203pt.
<figures/03_CHULP_EDD.png, id=389, 460.72125pt x 305.34074pt>
File: figures/03_CHULP_EDD.png Graphic file (type png)
<use figures/03_CHULP_EDD.png>
Package pdftex.def Info: figures/03_CHULP_EDD.png  used on input line 62.
(pdftex.def)             Requested size: 355.65944pt x 235.70946pt.
<figures/03_CHULP_AT.png, id=394, 449.88075pt x 203.5605pt>
File: figures/03_CHULP_AT.png Graphic file (type png)
<use figures/03_CHULP_AT.png>
Package pdftex.def Info: figures/03_CHULP_AT.png  used on input line 73.
(pdftex.def)             Requested size: 355.65944pt x 160.92906pt.
[13] [14 <./figures/03_CHULP.png> <./figures/03_CHULP_EDD.png>]
Underfull \hbox (badness 10000) in paragraph at lines 82--83

 []


Underfull \hbox (badness 10000) in paragraph at lines 88--89

 []


Underfull \hbox (badness 10000) in paragraph at lines 90--91

 []

) [15 <./figures/03_CHULP_AT.png>] [16]
\openout2 = `content/04_analysis-method.aux'.

 (content/04_analysis-method.tex
4. fejezet.
<figures/04_overview.png, id=429, 583.42969pt x 633.11531pt>
File: figures/04_overview.png Graphic file (type png)
<use figures/04_overview.png>
Package pdftex.def Info: figures/04_overview.png  used on input line 25.
(pdftex.def)             Requested size: 369.88582pt x 401.39581pt.
[17




]
Underfull \hbox (badness 10000) in paragraph at lines 34--35

 []

[18 <./figures/04_overview.png>]
<figures/04_abuse_case.png, id=439, 844.15375pt x 342.27875pt>
File: figures/04_abuse_case.png Graphic file (type png)
<use figures/04_abuse_case.png>
Package pdftex.def Info: figures/04_abuse_case.png  used on input line 44.
(pdftex.def)             Requested size: 369.88582pt x 149.9816pt.

Underfull \hbox (badness 10000) in paragraph at lines 51--52

 []

<figures/04_item_definition.PNG, id=441, 767.86874pt x 251.94125pt>
File: figures/04_item_definition.PNG Graphic file (type png)
<use figures/04_item_definition.PNG>
Package pdftex.def Info: figures/04_item_definition.PNG  used on input line 65.

(pdftex.def)             Requested size: 369.88582pt x 121.36482pt.
[19 <./figures/04_abuse_case.png>]
<figures/04_dependencies.png, id=450, 452.4403pt x 296.60812pt>
File: figures/04_dependencies.png Graphic file (type png)
<use figures/04_dependencies.png>
Package pdftex.def Info: figures/04_dependencies.png  used on input line 92.
(pdftex.def)             Requested size: 369.88582pt x 242.48703pt.
 [20 <./figures/04_item_definition.PNG>]
<figures/04_attack_tree.png, id=457, 6968.0325pt x 7224.9925pt>
File: figures/04_attack_tree.png Graphic file (type png)
<use figures/04_attack_tree.png>
Package pdftex.def Info: figures/04_attack_tree.png  used on input line 125.
(pdftex.def)             Requested size: 369.88582pt x 383.4299pt.

[21 <./figures/04_dependencies.png>] [22 <./figures/04_attack_tree.png>])
[23]
\openout2 = `content/05_analysis-tool.aux'.

 (content/05_analysis-tool.tex
5. fejezet.
<figures/05_overview.png, id=475, 1005.7575pt x 1115.16624pt>
File: figures/05_overview.png Graphic file (type png)
<use figures/05_overview.png>
Package pdftex.def Info: figures/05_overview.png  used on input line 13.
(pdftex.def)             Requested size: 369.88582pt x 410.12071pt.
[24




]
<figures/05_Profile_Diagram.PNG, id=479, 753.81625pt x 361.35pt>
File: figures/05_Profile_Diagram.PNG Graphic file (type png)
<use figures/05_Profile_Diagram.PNG>
Package pdftex.def Info: figures/05_Profile_Diagram.PNG  used on input line 38.

(pdftex.def)             Requested size: 369.88582pt x 177.30565pt.
 [25 <./figures/05_overview.png>]
<figures/05_package_tmgen.png, id=487, 623.32875pt x 372.39125pt>
File: figures/05_package_tmgen.png Graphic file (type png)
<use figures/05_package_tmgen.png>
Package pdftex.def Info: figures/05_package_tmgen.png  used on input line 51.
(pdftex.def)             Requested size: 369.88582pt x 220.98175pt.
 [26 <./figures/05_Profile_Diagram.PNG> <./figures/05_package_tmgen.png>]
<figures/05_package_apeditor.png, id=496, 595.47469pt x 533.74406pt>
File: figures/05_package_apeditor.png Graphic file (type png)
<use figures/05_package_apeditor.png>
Package pdftex.def Info: figures/05_package_apeditor.png  used on input line 68
.
(pdftex.def)             Requested size: 369.88582pt x 331.53685pt.

Overfull \hbox (2.02328pt too wide) in paragraph at lines 75--76
[]\T1/lmr/m/n/10.95 A \T1/lmr/bx/n/10.95 hu.bme.mit.thesis.apeditor.edit \T1/lm
r/m/n/10.95 il-let-ve a \T1/lmr/bx/n/10.95 hu.bme.mit.thesis.apeditor.editor
 []

[27 <./figures/05_package_apeditor.png>]
Underfull \hbox (badness 10000) in paragraph at lines 85--86
[]\T1/lmr/bx/n/10.95 IATCommandHandler.java \T1/lmr/m/n/10.95 Ini-ci-a-li-zál-j
a a tá-ma-dá-si fá-kat az
 []


Underfull \hbox (badness 10000) in paragraph at lines 85--86
\T1/lmr/bx/n/10.95 hu.bme.mit.thesis.apeditor.codegen \T1/lmr/m/n/10.95 pro-jek
t-ben de-fi-ni-ált funk-ci-o-na-li-tás
 []

<figures/05_metamodel.png, id=502, 5669.18pt x 3724.91624pt>
File: figures/05_metamodel.png Graphic file (type png)
<use figures/05_metamodel.png>
Package pdftex.def Info: figures/05_metamodel.png  used on input line 98.
(pdftex.def)             Requested size: 369.88582pt x 242.98062pt.
[28 <./figures/05_metamodel.png>]
<figures/05_tmeditor_ds.png, id=509, 749.80125pt x 514.17094pt>
File: figures/05_tmeditor_ds.png Graphic file (type png)
<use figures/05_tmeditor_ds.png>
Package pdftex.def Info: figures/05_tmeditor_ds.png  used on input line 126.
(pdftex.def)             Requested size: 369.88582pt x 253.64847pt.
<figures/05_tmeditor.png, id=511, 749.80125pt x 514.17094pt>
File: figures/05_tmeditor.png Graphic file (type png)
<use figures/05_tmeditor.png>
Package pdftex.def Info: figures/05_tmeditor.png  used on input line 143.
(pdftex.def)             Requested size: 369.88582pt x 253.64847pt.
 [29 <./figures/05_tmeditor_ds.png>]
<figures/05_at_inited.png, id=518, 749.80125pt x 514.17094pt>
File: figures/05_at_inited.png Graphic file (type png)
<use figures/05_at_inited.png>
Package pdftex.def Info: figures/05_at_inited.png  used on input line 152.
(pdftex.def)             Requested size: 369.88582pt x 253.64847pt.
 [30 <./figures/05_tmeditor.png> <./figures/05_at_inited.png>]
<figures/05_ateditor_1.png, id=527, 807.7678pt x 517.18219pt>
File: figures/05_ateditor_1.png Graphic file (type png)
<use figures/05_ateditor_1.png>
Package pdftex.def Info: figures/05_ateditor_1.png  used on input line 163.
(pdftex.def)             Requested size: 369.88582pt x 236.82555pt.
<figures/05_ateditor_2.png, id=529, 918.43124pt x 569.87906pt>
File: figures/05_ateditor_2.png Graphic file (type png)
<use figures/05_ateditor_2.png>
Package pdftex.def Info: figures/05_ateditor_2.png  used on input line 172.
(pdftex.def)             Requested size: 369.88582pt x 229.51279pt.
<figures/05_ateditor_3.png, id=531, 918.43124pt x 569.87906pt>
File: figures/05_ateditor_3.png Graphic file (type png)
<use figures/05_ateditor_3.png>
Package pdftex.def Info: figures/05_ateditor_3.png  used on input line 181.
(pdftex.def)             Requested size: 369.88582pt x 229.51279pt.
 [31 <./figures/05_ateditor_1.png> <./figures/05_ateditor_2.png>]
<figures/05_ateditor_4.png, id=541, 784.43062pt x 578.91281pt>
File: figures/05_ateditor_4.png Graphic file (type png)
<use figures/05_ateditor_4.png>
Package pdftex.def Info: figures/05_ateditor_4.png  used on input line 190.
(pdftex.def)             Requested size: 369.88582pt x 272.98123pt.
<figures/05_docgen_1.png, id=542, 918.43124pt x 569.87906pt>
File: figures/05_docgen_1.png Graphic file (type png)
<use figures/05_docgen_1.png>
Package pdftex.def Info: figures/05_docgen_1.png  used on input line 201.
(pdftex.def)             Requested size: 369.88582pt x 229.51279pt.
 [32 <./figures/05_ateditor_3.png> <./figures/05_ateditor_4.png>]
<figures/05_docgen_2.png, id=550, 918.43124pt x 569.87906pt>
File: figures/05_docgen_2.png Graphic file (type png)
<use figures/05_docgen_2.png>
Package pdftex.def Info: figures/05_docgen_2.png  used on input line 209.
(pdftex.def)             Requested size: 369.88582pt x 229.51279pt.
) [33 <./figures/05_docgen_1.png> <./figures/05_docgen_2.png>]
\openout2 = `content/06_case-study.aux'.

 (content/06_case-study.tex
6. fejezet.

Underfull \hbox (badness 10000) in paragraph at lines 5--6

 []

<figures/06_isoosi.jpg, id=560, 642.4pt x 336.25626pt>
File: figures/06_isoosi.jpg Graphic file (type jpg)
<use figures/06_isoosi.jpg>
Package pdftex.def Info: figures/06_isoosi.jpg  used on input line 11.
(pdftex.def)             Requested size: 341.43306pt x 178.72292pt.

Underfull \hbox (badness 10000) in paragraph at lines 15--16

 []

[34




 <./figures/06_isoosi.jpg>]
Underfull \hbox (badness 10000) in paragraph at lines 21--22

 []


Underfull \hbox (badness 10000) in paragraph at lines 34--35

 []

[35]
<figures/06_01_abuse_case_diagram.PNG, id=574, 1044.90375pt x 844.15375pt>
File: figures/06_01_abuse_case_diagram.PNG Graphic file (type png)
<use figures/06_01_abuse_case_diagram.PNG>
Package pdftex.def Info: figures/06_01_abuse_case_diagram.PNG  used on input li
ne 53.
(pdftex.def)             Requested size: 341.43306pt x 275.84088pt.
 [36 <./figures/06_01_abuse_case_diagram.PNG>]
<figures/06_02_item_definition_diagram.PNG, id=581, 848.16875pt x 420.57124pt>
File: figures/06_02_item_definition_diagram.PNG Graphic file (type png)
<use figures/06_02_item_definition_diagram.PNG>
Package pdftex.def Info: figures/06_02_item_definition_diagram.PNG  used on inp
ut line 85.
(pdftex.def)             Requested size: 341.43306pt x 169.30363pt.
 [37 <./figures/06_02_item_definition_diagram.PNG>]) [38]
\openout2 = `content/07_summary.aux'.

 (content/07_summary.tex
7. fejezet.
) [39




] (thesis.bbl) [40



]
\openout2 = `content/FF_appendices.aux'.

 (content/FF_appendices.tex
<figures/AT-SECSW-00.png, id=615, 6663.89626pt x 7542.1775pt>
File: figures/AT-SECSW-00.png Graphic file (type png)
<use figures/AT-SECSW-00.png>
Package pdftex.def Info: figures/AT-SECSW-00.png  used on input line 17.
(pdftex.def)             Requested size: 341.43306pt x 386.3377pt.
<figures/AT-SECSW-01.png, id=616, 9391.085pt x 5351.995pt>
File: figures/AT-SECSW-01.png Graphic file (type png)
<use figures/AT-SECSW-01.png>
Package pdftex.def Info: figures/AT-SECSW-01.png  used on input line 22.
(pdftex.def)             Requested size: 341.43306pt x 194.52547pt.
<figures/AT-SECSW-02.png, id=617, 6792.37625pt x 7397.6375pt>
File: figures/AT-SECSW-02.png Graphic file (type png)
<use figures/AT-SECSW-02.png>
Package pdftex.def Info: figures/AT-SECSW-02.png  used on input line 27.
(pdftex.def)             Requested size: 341.43306pt x 371.82248pt.
<figures/AT-SECDIAG-00.png, id=618, 7830.25375pt x 6433.03375pt>
File: figures/AT-SECDIAG-00.png Graphic file (type png)
<use figures/AT-SECDIAG-00.png>
Package pdftex.def Info: figures/AT-SECDIAG-00.png  used on input line 33.
(pdftex.def)             Requested size: 341.43306pt x 280.4433pt.
<figures/AT-SECDIAG-01.png, id=619, 8577.04375pt x 5861.9pt>
File: figures/AT-SECDIAG-01.png Graphic file (type png)
<use figures/AT-SECDIAG-01.png>
Package pdftex.def Info: figures/AT-SECDIAG-01.png  used on input line 38.
(pdftex.def)             Requested size: 341.43306pt x 233.27328pt.
<figures/AT-SECDIAG-02.png, id=620, 5951.23375pt x 8444.54875pt>
File: figures/AT-SECDIAG-02.png Graphic file (type png)
<use figures/AT-SECDIAG-02.png>
Package pdftex.def Info: figures/AT-SECDIAG-02.png  used on input line 43.
(pdftex.def)             Requested size: 341.43306pt x 484.35945pt.
) [41


 <./figures/AT-SECSW-00.png>] [42 <./figures/AT-SECSW-01.png> <./figures/AT-SEC
SW-02.png>] [43 <./figures/AT-SECDIAG-00.png> <./figures/AT-SECDIAG-01.png>] [4
4 <./figures/AT-SECDIAG-02.png>]
\tf@thm=\write5
\openout5 = `thesis.thm'.

 (thesis.aux (include/titlepage.aux) (include/declaration.aux)
(content/00_abstract.aux) (content/01_introduction.aux)
(content/02_background-knowledge.aux) (content/03_related-studies.aux)
(content/04_analysis-method.aux) (content/05_analysis-tool.aux)
(content/06_case-study.aux) (content/07_summary.aux) (content/FF_appendices.aux
))

Package rerunfilecheck Warning: File `thesis.out' has changed.
(rerunfilecheck)                Rerun to get outlines right
(rerunfilecheck)                or use package `bookmark'.

Package rerunfilecheck Info: Checksums for `thesis.out':
(rerunfilecheck)             Before: C5D5476D97D42C15E4B51A47A50D5CEF;11004
(rerunfilecheck)             After:  8A6390092BC7CEEF549F5CCE167DA888;10684.
 ) 
Here is how much of TeX's memory you used:
 17369 strings out of 478582
 290856 string characters out of 2843400
 847034 words of memory out of 3000000
 35058 multiletter control sequences out of 15000+600000
 526483 words of font info for 63 fonts, out of 8000000 for 9000
 1145 hyphenation exceptions out of 8191
 65i,8n,66p,1147b,1876s stack positions out of 10000i,1000n,20000p,200000b,80000s

pdfTeX warning (dest): name{section.F.2} has been referenced but does not exist
, replaced by a fixed one

{C:/Users/csedome/AppData/Local/Programs/MiKTeX/fonts/enc/dvips/lm/lm-ts1.enc}{
C:/Users/csedome/AppData/Local/Programs/MiKTeX/fonts/enc/dvips/lm/lm-ec.enc}<C:
/Users/csedome/AppData/Local/Programs/MiKTeX/fonts/type1/public/lm/lmbx10.pfb><
C:/Users/csedome/AppData/Local/Programs/MiKTeX/fonts/type1/public/lm/lmbx12.pfb
><C:/Users/csedome/AppData/Local/Programs/MiKTeX/fonts/type1/public/lm/lmcsc10.
pfb><C:/Users/csedome/AppData/Local/Programs/MiKTeX/fonts/type1/public/lm/lmr10
.pfb><C:/Users/csedome/AppData/Local/Programs/MiKTeX/fonts/type1/public/lm/lmr1
2.pfb><C:/Users/csedome/AppData/Local/Programs/MiKTeX/fonts/type1/public/lm/lmr
6.pfb><C:/Users/csedome/AppData/Local/Programs/MiKTeX/fonts/type1/public/lm/lmr
i10.pfb>
Output written on thesis.pdf (50 pages, 5504430 bytes).
PDF statistics:
 712 PDF objects out of 1000 (max. 8388607)
 126 named destinations out of 1000 (max. 500000)
 627 words of extra memory for PDF output out of 10000 (max. 10000000)

