\BOOKMARK [0][-]{chapter*.2}{\376\377\000K\000i\000v\000o\000n\000a\000t}{}% 1
\BOOKMARK [0][-]{chapter*.3}{\376\377\000A\000b\000s\000t\000r\000a\000c\000t}{}% 2
\BOOKMARK [0][-]{chapter.1}{\376\377\000B\000e\000v\000e\000z\000e\000t\000\351\000s}{}% 3
\BOOKMARK [0][-]{chapter.2}{\376\377\000H\000\341\000t\000t\000\351\000r\000i\000s\000m\000e\000r\000e\000t\000e\000k}{}% 4
\BOOKMARK [1][-]{section.2.1}{\376\377\000K\000i\000b\000e\000r\000b\000i\000z\000t\000o\000n\000s\000\341\000g\000h\000o\000z\000\040\000k\000a\000p\000c\000s\000o\000l\000\363\000d\000\363\000\040\000a\000l\000a\000p\000f\000o\000g\000a\000l\000m\000a\000k}{chapter.2}% 5
\BOOKMARK [1][-]{section.2.2}{\376\377\000E\000l\000e\000k\000t\000r\000o\000n\000i\000k\000u\000s\000\040\000v\000e\000z\000\351\000r\000l\001\121\000e\000g\000y\000s\000\351\000g\000e\000k\000\040\000k\000i\000b\000e\000r\000b\000i\000z\000t\000o\000n\000s\000\341\000g\000a}{chapter.2}% 6
\BOOKMARK [1][-]{section.2.3}{\376\377\000A\000u\000t\000\363\000i\000p\000a\000r\000i\000\040\000k\000i\000b\000e\000r\000b\000i\000z\000t\000o\000n\000s\000\341\000g\000i\000\040\000s\000z\000a\000b\000\341\000l\000y\000o\000z\000\341\000s\000o\000k\000\040\000\351\000s\000\040\000s\000z\000a\000b\000v\000\341\000n\000y\000o\000k}{chapter.2}% 7
\BOOKMARK [2][-]{subsection.2.3.1}{\376\377\000U\000N\000\040\000E\000C\000E\000\040\000R\0001\0005\0005}{section.2.3}% 8
\BOOKMARK [2][-]{subsection.2.3.2}{\376\377\000I\000S\000O\000/\000S\000A\000E\000\040\0002\0001\0004\0003\0004}{section.2.3}% 9
\BOOKMARK [3][-]{subsubsection.2.3.2.1}{\376\377\000K\000\366\000v\000e\000t\000e\000l\000m\000\351\000n\000y\000e\000k\000\040\000a\000\040\000t\000e\000r\000v\000e\000z\000\351\000s\000i\000\040\000f\000\341\000z\000i\000s\000r\000a}{subsection.2.3.2}% 10
\BOOKMARK [3][-]{subsubsection.2.3.2.2}{\376\377\000K\000\366\000v\000e\000t\000e\000l\000m\000\351\000n\000y\000e\000k\000\040\000a\000\040\000f\000e\000n\000y\000e\000g\000e\000t\000\351\000s\000e\000l\000e\000m\000z\000\351\000s\000r\000e\000\040\000\351\000s\000\040\000k\000o\000c\000k\000\341\000z\000a\000t\000\351\000r\000t\000\351\000k\000e\000l\000\351\000s\000r\000e}{subsection.2.3.2}% 11
\BOOKMARK [1][-]{section.2.4}{\376\377\000F\000e\000n\000y\000e\000g\000e\000t\000\351\000s\000m\000o\000d\000e\000l\000l\000e\000z\000\351\000s\000i\000\040\000k\000e\000r\000e\000t\000r\000e\000n\000d\000s\000z\000e\000r\000e\000k\000\040\000\351\000s\000\040\000m\000\363\000d\000s\000z\000e\000r\000e\000k}{chapter.2}% 12
\BOOKMARK [2][-]{subsection.2.4.1}{\376\377\000C\000I\000A\000\040\000\351\000s\000\040\000A\000A\000A}{section.2.4}% 13
\BOOKMARK [2][-]{subsection.2.4.2}{\376\377\000S\000T\000R\000I\000D\000E}{section.2.4}% 14
\BOOKMARK [1][-]{section.2.5}{\376\377\000A\000u\000t\000\363\000i\000p\000a\000r\000i\000\040\000r\000e\000n\000d\000s\000z\000e\000r\000e\000k\000\040\000\341\000l\000t\000a\000l\000\341\000n\000o\000s\000\040\000t\000e\000r\000v\000e\000z\000\351\000s\000e\000\040\000\351\000s\000\040\000m\000o\000d\000e\000l\000l\000e\000z\000\351\000s\000e}{chapter.2}% 15
\BOOKMARK [2][-]{subsection.2.5.1}{\376\377\000V\000-\000m\000o\000d\000e\000l\000l}{section.2.5}% 16
\BOOKMARK [2][-]{subsection.2.5.2}{\376\377\000U\000M\000L\000\040\000\351\000s\000\040\000S\000y\000s\000M\000L}{section.2.5}% 17
\BOOKMARK [1][-]{section.2.6}{\376\377\000F\000e\000l\000h\000a\000s\000z\000n\000\341\000l\000t\000\040\000e\000s\000z\000k\000\366\000z\000\366\000k}{chapter.2}% 18
\BOOKMARK [2][-]{subsection.2.6.1}{\376\377\000P\000a\000p\000y\000r\000u\000s}{section.2.6}% 19
\BOOKMARK [2][-]{subsection.2.6.2}{\376\377\000A\000c\000c\000e\000l\000e\000o}{section.2.6}% 20
\BOOKMARK [2][-]{subsection.2.6.3}{\376\377\000E\000c\000l\000i\000p\000s\000e\000\040\000M\000o\000d\000e\000l\000l\000i\000n\000g\000\040\000F\000r\000a\000m\000e\000w\000o\000r\000k}{section.2.6}% 21
\BOOKMARK [2][-]{subsection.2.6.4}{\376\377\000X\000t\000e\000n\000d}{section.2.6}% 22
\BOOKMARK [2][-]{subsection.2.6.5}{\376\377\000S\000i\000r\000i\000u\000s}{section.2.6}% 23
\BOOKMARK [0][-]{chapter.3}{\376\377\000K\000a\000p\000c\000s\000o\000l\000\363\000d\000\363\000\040\000t\000a\000n\000u\000l\000m\000\341\000n\000y\000o\000k}{}% 24
\BOOKMARK [1][-]{section.3.1}{\376\377\000F\000e\000n\000y\000e\000g\000e\000t\000\351\000s\000m\000o\000d\000e\000l\000l\000e\000z\000\351\000s}{chapter.3}% 25
\BOOKMARK [1][-]{section.3.2}{\376\377\000K\000i\000b\000e\000r\000b\000i\000z\000t\000o\000n\000s\000\341\000g\000\040\000\351\000s\000\040\000\374\000z\000e\000m\000b\000i\000z\000t\000o\000n\000s\000\341\000g\000\040\000k\000a\000p\000c\000s\000o\000l\000a\000t\000a}{chapter.3}% 26
\BOOKMARK [1][-]{section.3.3}{\376\377\000T\000\341\000m\000a\000d\000\341\000s\000i\000\040\000f\000a\000\040\000g\000e\000n\000e\000r\000\341\000l\000\341\000s}{chapter.3}% 27
\BOOKMARK [0][-]{chapter.4}{\376\377\000A\000\040\000k\000i\000b\000e\000r\000b\000i\000z\000t\000o\000n\000s\000\341\000g\000i\000\040\000a\000n\000a\000l\000\355\000z\000i\000s\000\040\000m\000e\000t\000o\000d\000o\000l\000\363\000g\000i\000\341\000j\000a}{}% 28
\BOOKMARK [1][-]{section.4.1}{\376\377\000\301\000t\000t\000e\000k\000i\000n\000t\000\351\000s}{chapter.4}% 29
\BOOKMARK [1][-]{section.4.2}{\376\377\000T\000e\000r\000m\000\351\000k\000l\000e\000\355\000r\000\341\000s\000\040\000\351\000s\000\040\000f\000e\000n\000y\000e\000g\000e\000t\000\351\000s\000m\000o\000d\000e\000l\000l\000\040\000s\000z\000\341\000r\000m\000a\000z\000t\000a\000t\000\341\000s\000a}{chapter.4}% 30
\BOOKMARK [2][-]{subsection.4.2.1}{\376\377\000K\000\341\000r\000o\000k\000o\000z\000\341\000s\000o\000k\000\040\000a\000z\000o\000n\000o\000s\000\355\000t\000\341\000s\000a\000\040\000\351\000s\000\040\000a\000t\000t\000r\000i\000b\000u\000t\000\341\000l\000\341\000s\000a}{section.4.2}% 31
\BOOKMARK [2][-]{subsection.4.2.2}{\376\377\000\311\000r\000t\000\351\000k\000e\000k\000\040\000a\000z\000o\000n\000o\000s\000\355\000t\000\341\000s\000a\000\040\000\351\000s\000\040\000a\000t\000t\000r\000i\000b\000u\000t\000\341\000l\000\341\000s\000a}{section.4.2}% 32
\BOOKMARK [2][-]{subsection.4.2.3}{\376\377\000F\000e\000n\000y\000e\000g\000e\000t\000\351\000s\000m\000o\000d\000e\000l\000l\000\040\000s\000z\000\341\000r\000m\000a\000z\000t\000a\000t\000\341\000s\000a}{section.4.2}% 33
\BOOKMARK [1][-]{section.4.3}{\376\377\000F\000e\000n\000y\000e\000g\000e\000t\000\351\000s\000m\000o\000d\000e\000l\000l\000e\000z\000\351\000s}{chapter.4}% 34
\BOOKMARK [2][-]{subsection.4.3.1}{\376\377\000D\000e\000p\000e\000n\000d\000e\000n\000c\000i\000\341\000k\000\040\000m\000e\000g\000h\000a\000t\000\341\000r\000o\000z\000\341\000s\000a}{section.4.3}% 35
\BOOKMARK [2][-]{subsection.4.3.2}{\376\377\000T\000\341\000m\000a\000d\000\341\000s\000i\000\040\000f\000\341\000k\000\040\000i\000n\000i\000c\000i\000a\000l\000i\000z\000\341\000l\000\341\000s\000a}{section.4.3}% 36
\BOOKMARK [2][-]{subsection.4.3.3}{\376\377\000T\000\341\000m\000a\000d\000\341\000s\000i\000\040\000f\000\341\000k\000\040\000s\000z\000e\000r\000k\000e\000s\000z\000t\000\351\000s\000e}{section.4.3}% 37
\BOOKMARK [1][-]{section.4.4}{\376\377\000D\000o\000k\000u\000m\000e\000n\000t\000u\000m\000o\000k\000\040\000g\000e\000n\000e\000r\000\341\000l\000\341\000s\000a\000\040\000\351\000s\000\040\000m\000a\000n\000u\000\341\000l\000i\000s\000\040\000a\000n\000a\000l\000\355\000z\000i\000s}{chapter.4}% 38
\BOOKMARK [0][-]{chapter.5}{\376\377\000A\000\040\000k\000i\000b\000e\000r\000b\000i\000z\000t\000o\000n\000s\000\341\000g\000i\000\040\000a\000n\000a\000l\000\355\000z\000i\000s\000\040\000m\000e\000g\000v\000a\000l\000\363\000s\000\355\000t\000\341\000s\000a}{}% 39
\BOOKMARK [1][-]{section.5.1}{\376\377\000\301\000t\000t\000e\000k\000i\000n\000t\000\351\000s}{chapter.5}% 40
\BOOKMARK [1][-]{section.5.2}{\376\377\000K\000i\000b\000e\000r\000b\000i\000z\000t\000o\000n\000s\000\341\000g\000i\000\040\000m\000o\000d\000e\000l\000l\000\040\000s\000z\000\341\000r\000m\000a\000z\000t\000a\000t\000\341\000s\000a}{chapter.5}% 41
\BOOKMARK [2][-]{subsection.5.2.1}{\376\377\000K\000i\000b\000e\000r\000b\000i\000z\000t\000o\000n\000s\000\341\000g\000i\000\040\000p\000r\000o\000f\000i\000l}{section.5.2}% 42
\BOOKMARK [2][-]{subsection.5.2.2}{\376\377\000F\000e\000n\000y\000e\000g\000e\000t\000\351\000s\000m\000o\000d\000e\000l\000l\000\040\000g\000e\000n\000e\000r\000\341\000t\000o\000r}{section.5.2}% 43
\BOOKMARK [1][-]{section.5.3}{\376\377\000F\000e\000n\000y\000e\000g\000e\000t\000\351\000s\000m\000o\000d\000e\000l\000l\000e\000z\001\121\000\040\000e\000s\000z\000k\000\366\000z}{chapter.5}% 44
\BOOKMARK [2][-]{subsection.5.3.1}{\376\377\000M\000e\000t\000a\000m\000o\000d\000e\000l}{section.5.3}% 45
\BOOKMARK [2][-]{subsection.5.3.2}{\376\377\000F\000e\000n\000y\000e\000g\000e\000t\000\351\000s\000m\000o\000d\000e\000l\000l\000\040\000s\000z\000e\000r\000k\000e\000s\000z\000t\001\121\000\040\000f\000e\000l\000\374\000l\000e\000t}{section.5.3}% 46
\BOOKMARK [2][-]{subsection.5.3.3}{\376\377\000T\000\341\000m\000a\000d\000\341\000s\000i\000\040\000f\000\341\000k\000\040\000i\000n\000i\000c\000i\000a\000l\000i\000z\000\341\000l\000\341\000s\000a}{section.5.3}% 47
\BOOKMARK [2][-]{subsection.5.3.4}{\376\377\000T\000\341\000m\000a\000d\000\341\000s\000i\000\040\000f\000a\000\040\000s\000z\000e\000r\000k\000e\000s\000z\000t\001\121\000\040\000f\000e\000l\000\374\000l\000e\000t}{section.5.3}% 48
\BOOKMARK [2][-]{subsection.5.3.5}{\376\377\000D\000o\000k\000u\000m\000e\000n\000t\000u\000m\000\040\000g\000e\000n\000e\000r\000\341\000t\000o\000r}{section.5.3}% 49
\BOOKMARK [0][-]{chapter.6}{\376\377\000E\000s\000e\000t\000t\000a\000n\000u\000l\000m\000\341\000n\000y}{}% 50
\BOOKMARK [1][-]{section.6.1}{\376\377\000K\000\341\000r\000o\000k\000o\000z\000\341\000s\000o\000k\000\040\000\351\000s\000\040\000\351\000r\000t\000\351\000k\000e\000k\000\040\000a\000z\000o\000n\000o\000s\000\355\000t\000\341\000s\000a}{chapter.6}% 51
\BOOKMARK [1][-]{section.6.2}{\376\377\000F\000e\000n\000y\000e\000g\000e\000t\000\351\000s\000m\000o\000d\000e\000l\000l\000\040\000s\000z\000\341\000r\000m\000a\000z\000t\000a\000t\000\341\000s\000a}{chapter.6}% 52
\BOOKMARK [1][-]{section.6.3}{\376\377\000F\000e\000n\000y\000e\000g\000e\000t\000\351\000s\000m\000o\000d\000e\000l\000l\000e\000z\000\351\000s}{chapter.6}% 53
\BOOKMARK [1][-]{section.6.4}{\376\377\000T\000\341\000m\000a\000d\000\341\000s\000i\000\040\000f\000a\000\040\000a\000n\000a\000l\000\355\000z\000i\000s}{chapter.6}% 54
\BOOKMARK [1][-]{section.6.5}{\376\377\000M\000a\000n\000u\000\341\000l\000i\000s\000\040\000a\000n\000a\000l\000\355\000z\000i\000s}{chapter.6}% 55
\BOOKMARK [0][-]{chapter.7}{\376\377\000\326\000s\000s\000z\000e\000g\000z\000\351\000s}{}% 56
\BOOKMARK [0][-]{chapter.7}{\376\377\000I\000r\000o\000d\000a\000l\000o\000m\000j\000e\000g\000y\000z\000\351\000k}{}% 57
